<?xml version="1.0" encoding="utf-8"?><testsuites name="pytest tests"><testsuite name="pytest" errors="0" failures="0" skipped="0" tests="20" time="9.011" timestamp="2026-04-02T14:36:21.387448+00:00" hostname="agent-env-f01aceca-8080-403a-a431-69aa10c81295"><testcase classname="tests.test_kastelan_api.TestHealthCheck" name="test_api_root" time="0.239" /><testcase classname="tests.test_kastelan_api.TestReservations" name="test_create_reservation_success" time="0.144" /><testcase classname="tests.test_kastelan_api.TestReservations" name="test_create_reservation_validation_error" time="0.116" /><testcase classname="tests.test_kastelan_api.TestReservations" name="test_create_reservation_invalid_room" time="0.149" /><testcase classname="tests.test_kastelan_api.TestReviews" name="test_get_public_reviews" time="0.114" /><testcase classname="tests.test_kastelan_api.TestReviews" name="test_create_review_success" time="0.111" /><testcase classname="tests.test_kastelan_api.TestReviews" name="test_create_review_validation" time="0.113" /><testcase classname="tests.test_kastelan_api.TestAdminAuth" name="test_admin_login_success" time="0.329" /><testcase classname="tests.test_kastelan_api.TestAdminAuth" name="test_admin_login_invalid_credentials" time="0.332" /><testcase classname="tests.test_kastelan_api.TestAdminAuth" name="test_admin_login_nonexistent_user" time="0.121" /><testcase classname="tests.test_kastelan_api.TestAdminReservations" name="test_get_admin_reservations" time="0.564" /><testcase classname="tests.test_kastelan_api.TestAdminReservations" name="test_get_reservations_unauthorized" time="0.124" /><testcase classname="tests.test_kastelan_api.TestAdminReservations" name="test_update_reservation_status" time="0.752" /><testcase classname="tests.test_kastelan_api.TestAdminReservations" name="test_cancel_reservation" time="0.641" /><testcase classname="tests.test_kastelan_api.TestAdminReviews" name="test_get_admin_reviews" time="0.494" /><testcase classname="tests.test_kastelan_api.TestAdminReviews" name="test_approve_review" time="0.653" /><testcase classname="tests.test_kastelan_api.TestAdminReviews" name="test_unapprove_review" time="1.884" /><testcase classname="tests.test_kastelan_api.TestAdminContacts" name="test_create_contact_message" time="0.121" /><testcase classname="tests.test_kastelan_api.TestAdminContacts" name="test_get_admin_contacts" time="0.450" /><testcase classname="tests.test_kastelan_api.TestCleanup" name="test_cleanup_test_data" time="1.320" /></testsuite></testsuites>